<?xml version="1.0" encoding="UTF-8"?>
<!-- Generated by org.testng.reporters.JUnitReportReporter -->
<testsuite hostname="DESKTOP-DQEQFOB" failures="0" tests="1" name="demopack.DemoTestjenkins_Test" time="9.147" errors="0" timestamp="2024-06-16T13:35:47 IST" skipped="0">
  <testcase classname="demopack.DemoTestjenkins_Test" name="openBrwsr" time="9.147"/>
  <system-out/>
</testsuite> <!-- demopack.DemoTestjenkins_Test -->
